!SESSION 2014-11-18 23:30:06.712 -----------------------------------------------
eclipse.buildId=unknown
java.version=1.7.0_25
java.vendor=Oracle Corporation
BootLoader constants: OS=win32, ARCH=x86, WS=win32, NL=ru_RU
Command-line arguments:  -os win32 -ws win32 -arch x86

!ENTRY org.eclipse.osgi 4 0 2014-11-18 23:30:06.962
!MESSAGE Startup error
!STACK 1
java.lang.NumberFormatException: For input string: ""
	at java.lang.NumberFormatException.forInputString(NumberFormatException.java:65)
	at java.lang.Integer.parseInt(Integer.java:504)
	at java.lang.Integer.parseInt(Integer.java:527)
	at org.eclipse.osgi.storagemanager.StorageManager.updateTable(StorageManager.java:512)
	at org.eclipse.osgi.storagemanager.StorageManager.open(StorageManager.java:709)
	at org.eclipse.osgi.internal.baseadaptor.BaseStorage.initFileManager(BaseStorage.java:220)
	at org.eclipse.osgi.internal.baseadaptor.BaseStorage.initialize(BaseStorage.java:154)
	at org.eclipse.osgi.baseadaptor.BaseAdaptor.initializeStorage(BaseAdaptor.java:123)
	at org.eclipse.osgi.framework.internal.core.Framework.initialize(Framework.java:190)
	at org.eclipse.osgi.framework.internal.core.Framework.<init>(Framework.java:162)
	at org.eclipse.core.runtime.adaptor.EclipseStarter.startup(EclipseStarter.java:261)
	at org.eclipse.core.runtime.adaptor.EclipseStarter.run(EclipseStarter.java:175)
	at sun.reflect.NativeMethodAccessorImpl.invoke0(Native Method)
	at sun.reflect.NativeMethodAccessorImpl.invoke(NativeMethodAccessorImpl.java:57)
	at sun.reflect.DelegatingMethodAccessorImpl.invoke(DelegatingMethodAccessorImpl.java:43)
	at java.lang.reflect.Method.invoke(Method.java:606)
	at org.eclipse.equinox.launcher.Main.invokeFramework(Main.java:622)
	at org.eclipse.equinox.launcher.Main.basicRun(Main.java:577)
	at org.eclipse.equinox.launcher.Main.run(Main.java:1410)
